2015-10-28 11:53:15  [ pool-1-thread-1:2185 ] - [ ERROR ]  process request Request{url='http://www.amazon.cn/ss/customer-reviews/ajax/reviews/get/ref=cm_cr_pr_btm_link_2', method='POST', extras={nameValuePair=[Lorg.apache.http.NameValuePair;@3a0c97aa, pid=1, product_name=自控力(斯坦福大学很受欢迎的心理学课程), statusCode=200}, priority=0} error
org.springframework.dao.TransientDataAccessResourceException: PreparedStatementCallback; SQL [INSERT INTO comments(pid,product_name,review_votes,helpful_votes,star,review_title,review_date,review_author,review_author_url,thread_id,review_text,create_time) VALUES (?,?,?,?,?,?,?,?,?,?,?)]; Parameter index out of range (12 > number of parameters, which is 11).; nested exception is java.sql.SQLException: Parameter index out of range (12 > number of parameters, which is 11).
	at org.springframework.jdbc.support.SQLStateSQLExceptionTranslator.doTranslate(SQLStateSQLExceptionTranslator.java:108)
	at org.springframework.jdbc.support.AbstractFallbackSQLExceptionTranslator.translate(AbstractFallbackSQLExceptionTranslator.java:73)
	at org.springframework.jdbc.support.AbstractFallbackSQLExceptionTranslator.translate(AbstractFallbackSQLExceptionTranslator.java:81)
	at org.springframework.jdbc.support.AbstractFallbackSQLExceptionTranslator.translate(AbstractFallbackSQLExceptionTranslator.java:81)
	at org.springframework.jdbc.core.JdbcTemplate.execute(JdbcTemplate.java:660)
	at org.springframework.jdbc.core.JdbcTemplate.update(JdbcTemplate.java:909)
	at org.springframework.jdbc.core.JdbcTemplate.update(JdbcTemplate.java:970)
	at org.springframework.jdbc.core.JdbcTemplate.update(JdbcTemplate.java:980)
	at net.hoyoung.crawler.TestCrawler.process(TestCrawler.java:104)
	at us.codecraft.webmagic.Spider.processRequest(Spider.java:420)
	at us.codecraft.webmagic.Spider$1.run(Spider.java:322)
	at us.codecraft.webmagic.selector.thread.CountableThreadPool$1.run(CountableThreadPool.java:74)
	at java.util.concurrent.ThreadPoolExecutor.runWorker(ThreadPoolExecutor.java:1142)
	at java.util.concurrent.ThreadPoolExecutor$Worker.run(ThreadPoolExecutor.java:617)
	at java.lang.Thread.run(Thread.java:745)
Caused by: java.sql.SQLException: Parameter index out of range (12 > number of parameters, which is 11).
	at com.mysql.jdbc.SQLError.createSQLException(SQLError.java:1073)
	at com.mysql.jdbc.SQLError.createSQLException(SQLError.java:987)
	at com.mysql.jdbc.SQLError.createSQLException(SQLError.java:982)
	at com.mysql.jdbc.SQLError.createSQLException(SQLError.java:927)
	at com.mysql.jdbc.PreparedStatement.checkBounds(PreparedStatement.java:3729)
	at com.mysql.jdbc.PreparedStatement.setInternal(PreparedStatement.java:3713)
	at com.mysql.jdbc.PreparedStatement.setInternal(PreparedStatement.java:3755)
	at com.mysql.jdbc.PreparedStatement.setTimestampInternal(PreparedStatement.java:4784)
	at com.mysql.jdbc.PreparedStatement.setTimestamp(PreparedStatement.java:4719)
	at org.apache.commons.dbcp.DelegatingPreparedStatement.setTimestamp(DelegatingPreparedStatement.java:147)
	at org.apache.commons.dbcp.DelegatingPreparedStatement.setTimestamp(DelegatingPreparedStatement.java:147)
	at org.springframework.jdbc.core.StatementCreatorUtils.setValue(StatementCreatorUtils.java:418)
	at org.springframework.jdbc.core.StatementCreatorUtils.setParameterValueInternal(StatementCreatorUtils.java:235)
	at org.springframework.jdbc.core.StatementCreatorUtils.setParameterValue(StatementCreatorUtils.java:166)
	at org.springframework.jdbc.core.ArgumentPreparedStatementSetter.doSetValue(ArgumentPreparedStatementSetter.java:66)
	at org.springframework.jdbc.core.ArgumentPreparedStatementSetter.setValues(ArgumentPreparedStatementSetter.java:47)
	at org.springframework.jdbc.core.JdbcTemplate$2.doInPreparedStatement(JdbcTemplate.java:914)
	at org.springframework.jdbc.core.JdbcTemplate$2.doInPreparedStatement(JdbcTemplate.java:909)
	at org.springframework.jdbc.core.JdbcTemplate.execute(JdbcTemplate.java:644)
	... 10 more
2015-10-28 13:37:26  [ pool-1-thread-1:2231 ] - [ ERROR ]  process request Request{url='http://www.amazon.cn/ss/customer-reviews/ajax/reviews/get/ref=cm_cr_pr_btm_link_2', method='POST', extras={nameValuePair=[Lorg.apache.http.NameValuePair;@2e1ff99d, pid=10, product_name=棚车少年·第3辑(9-12)(中英双语)(套装共8册)(附CD)(当孩子遇到挫折，这套书能让他们笑对人生), pageNum=1, statusCode=200}, priority=0} error
java.lang.NullPointerException
	at net.hoyoung.crawler.TestCrawler.process(TestCrawler.java:78)
	at us.codecraft.webmagic.Spider.processRequest(Spider.java:420)
	at us.codecraft.webmagic.Spider$1.run(Spider.java:322)
	at us.codecraft.webmagic.selector.thread.CountableThreadPool$1.run(CountableThreadPool.java:74)
	at java.util.concurrent.ThreadPoolExecutor.runWorker(ThreadPoolExecutor.java:1142)
	at java.util.concurrent.ThreadPoolExecutor$Worker.run(ThreadPoolExecutor.java:617)
	at java.lang.Thread.run(Thread.java:745)
2015-10-28 14:16:11  [ pool-1-thread-1:4455 ] - [ ERROR ]  process request Request{url='http://www.amazon.cn/ss/customer-reviews/ajax/reviews/get/ref=cm_cr_pr_btm_link_2?r=1446012968688', method='POST', extras={nameValuePair=[Lorg.apache.http.NameValuePair;@4dc37ab6, pid=2, asin=B00EC7DOT6, product_name=一个人的朝圣, pageNum=2, statusCode=200}, priority=0} error
org.springframework.jdbc.UncategorizedSQLException: PreparedStatementCallback; uncategorized SQLException for SQL [INSERT INTO comments(pid,product_name,review_votes,helpful_votes,star,review_title,review_date,review_author,review_author_url,thread_id,review_text,create_time) VALUES (?,?,?,?,?,?,?,?,?,?,?,?)]; SQL state [HY000]; error code [1366]; Incorrect string value: '\xF0\x9F\x98\x81\xEF\xBC...' for column 'review_text' at row 1; nested exception is java.sql.SQLException: Incorrect string value: '\xF0\x9F\x98\x81\xEF\xBC...' for column 'review_text' at row 1
	at org.springframework.jdbc.support.AbstractFallbackSQLExceptionTranslator.translate(AbstractFallbackSQLExceptionTranslator.java:84)
	at org.springframework.jdbc.support.AbstractFallbackSQLExceptionTranslator.translate(AbstractFallbackSQLExceptionTranslator.java:81)
	at org.springframework.jdbc.support.AbstractFallbackSQLExceptionTranslator.translate(AbstractFallbackSQLExceptionTranslator.java:81)
	at org.springframework.jdbc.core.JdbcTemplate.execute(JdbcTemplate.java:660)
	at org.springframework.jdbc.core.JdbcTemplate.update(JdbcTemplate.java:909)
	at org.springframework.jdbc.core.JdbcTemplate.update(JdbcTemplate.java:970)
	at org.springframework.jdbc.core.JdbcTemplate.update(JdbcTemplate.java:980)
	at net.hoyoung.crawler.TestCrawler.process(TestCrawler.java:113)
	at us.codecraft.webmagic.Spider.processRequest(Spider.java:420)
	at us.codecraft.webmagic.Spider$1.run(Spider.java:322)
	at us.codecraft.webmagic.selector.thread.CountableThreadPool$1.run(CountableThreadPool.java:74)
	at java.util.concurrent.ThreadPoolExecutor.runWorker(ThreadPoolExecutor.java:1142)
	at java.util.concurrent.ThreadPoolExecutor$Worker.run(ThreadPoolExecutor.java:617)
	at java.lang.Thread.run(Thread.java:745)
Caused by: java.sql.SQLException: Incorrect string value: '\xF0\x9F\x98\x81\xEF\xBC...' for column 'review_text' at row 1
	at com.mysql.jdbc.SQLError.createSQLException(SQLError.java:1073)
	at com.mysql.jdbc.MysqlIO.checkErrorPacket(MysqlIO.java:3609)
	at com.mysql.jdbc.MysqlIO.checkErrorPacket(MysqlIO.java:3541)
	at com.mysql.jdbc.MysqlIO.sendCommand(MysqlIO.java:2002)
	at com.mysql.jdbc.MysqlIO.sqlQueryDirect(MysqlIO.java:2163)
	at com.mysql.jdbc.ConnectionImpl.execSQL(ConnectionImpl.java:2624)
	at com.mysql.jdbc.PreparedStatement.executeInternal(PreparedStatement.java:2127)
	at com.mysql.jdbc.PreparedStatement.executeUpdate(PreparedStatement.java:2427)
	at com.mysql.jdbc.PreparedStatement.executeUpdate(PreparedStatement.java:2345)
	at com.mysql.jdbc.PreparedStatement.executeUpdate(PreparedStatement.java:2330)
	at org.apache.commons.dbcp.DelegatingPreparedStatement.executeUpdate(DelegatingPreparedStatement.java:105)
	at org.apache.commons.dbcp.DelegatingPreparedStatement.executeUpdate(DelegatingPreparedStatement.java:105)
	at org.springframework.jdbc.core.JdbcTemplate$2.doInPreparedStatement(JdbcTemplate.java:916)
	at org.springframework.jdbc.core.JdbcTemplate$2.doInPreparedStatement(JdbcTemplate.java:909)
	at org.springframework.jdbc.core.JdbcTemplate.execute(JdbcTemplate.java:644)
	... 10 more
2015-10-28 14:27:52  [ pool-1-thread-1:2594 ] - [ ERROR ]  process request Request{url='http://www.amazon.cn/ss/customer-reviews/ajax/reviews/get/ref=cm_cr_pr_btm_link_2?r=1446013669479', method='POST', extras={nameValuePair=[Lorg.apache.http.NameValuePair;@308b7cec, pid=2, asin=B00EC7DOT6, product_name=一个人的朝圣, pageNum=1, statusCode=200}, priority=0} error
org.springframework.jdbc.UncategorizedSQLException: PreparedStatementCallback; uncategorized SQLException for SQL [INSERT INTO comments(pid,product_name,review_votes,helpful_votes,star,review_title,review_date,review_author,review_author_url,thread_id,review_text,create_time) VALUES (?,?,?,?,?,?,?,?,?,?,?,?)]; SQL state [HY000]; error code [1366]; Incorrect string value: '\x80\xE4\xB8\xAA\xE4\xBA...' for column 'product_name' at row 1; nested exception is java.sql.SQLException: Incorrect string value: '\x80\xE4\xB8\xAA\xE4\xBA...' for column 'product_name' at row 1
	at org.springframework.jdbc.support.AbstractFallbackSQLExceptionTranslator.translate(AbstractFallbackSQLExceptionTranslator.java:84)
	at org.springframework.jdbc.support.AbstractFallbackSQLExceptionTranslator.translate(AbstractFallbackSQLExceptionTranslator.java:81)
	at org.springframework.jdbc.support.AbstractFallbackSQLExceptionTranslator.translate(AbstractFallbackSQLExceptionTranslator.java:81)
	at org.springframework.jdbc.core.JdbcTemplate.execute(JdbcTemplate.java:660)
	at org.springframework.jdbc.core.JdbcTemplate.update(JdbcTemplate.java:909)
	at org.springframework.jdbc.core.JdbcTemplate.update(JdbcTemplate.java:970)
	at org.springframework.jdbc.core.JdbcTemplate.update(JdbcTemplate.java:980)
	at net.hoyoung.crawler.TestCrawler.process(TestCrawler.java:114)
	at us.codecraft.webmagic.Spider.processRequest(Spider.java:420)
	at us.codecraft.webmagic.Spider$1.run(Spider.java:322)
	at us.codecraft.webmagic.selector.thread.CountableThreadPool$1.run(CountableThreadPool.java:74)
	at java.util.concurrent.ThreadPoolExecutor.runWorker(ThreadPoolExecutor.java:1142)
	at java.util.concurrent.ThreadPoolExecutor$Worker.run(ThreadPoolExecutor.java:617)
	at java.lang.Thread.run(Thread.java:745)
Caused by: java.sql.SQLException: Incorrect string value: '\x80\xE4\xB8\xAA\xE4\xBA...' for column 'product_name' at row 1
	at com.mysql.jdbc.SQLError.createSQLException(SQLError.java:1073)
	at com.mysql.jdbc.MysqlIO.checkErrorPacket(MysqlIO.java:3609)
	at com.mysql.jdbc.MysqlIO.checkErrorPacket(MysqlIO.java:3541)
	at com.mysql.jdbc.MysqlIO.sendCommand(MysqlIO.java:2002)
	at com.mysql.jdbc.MysqlIO.sqlQueryDirect(MysqlIO.java:2163)
	at com.mysql.jdbc.ConnectionImpl.execSQL(ConnectionImpl.java:2624)
	at com.mysql.jdbc.PreparedStatement.executeInternal(PreparedStatement.java:2127)
	at com.mysql.jdbc.PreparedStatement.executeUpdate(PreparedStatement.java:2427)
	at com.mysql.jdbc.PreparedStatement.executeUpdate(PreparedStatement.java:2345)
	at com.mysql.jdbc.PreparedStatement.executeUpdate(PreparedStatement.java:2330)
	at org.apache.commons.dbcp.DelegatingPreparedStatement.executeUpdate(DelegatingPreparedStatement.java:105)
	at org.apache.commons.dbcp.DelegatingPreparedStatement.executeUpdate(DelegatingPreparedStatement.java:105)
	at org.springframework.jdbc.core.JdbcTemplate$2.doInPreparedStatement(JdbcTemplate.java:916)
	at org.springframework.jdbc.core.JdbcTemplate$2.doInPreparedStatement(JdbcTemplate.java:909)
	at org.springframework.jdbc.core.JdbcTemplate.execute(JdbcTemplate.java:644)
	... 10 more
2015-10-28 14:32:13  [ pool-1-thread-1:4427 ] - [ ERROR ]  process request Request{url='http://www.amazon.cn/ss/customer-reviews/ajax/reviews/get/ref=cm_cr_pr_btm_link_2?r=1446013931503', method='POST', extras={nameValuePair=[Lorg.apache.http.NameValuePair;@4dc37ab6, pid=2, asin=B00EC7DOT6, product_name=一个人的朝圣, pageNum=2, statusCode=200}, priority=0} error
org.springframework.jdbc.UncategorizedSQLException: PreparedStatementCallback; uncategorized SQLException for SQL [INSERT INTO comments(pid,product_name,review_votes,helpful_votes,star,review_title,review_date,review_author,review_author_url,thread_id,review_text,create_time) VALUES (?,?,?,?,?,?,?,?,?,?,?,?)]; SQL state [HY000]; error code [1366]; Incorrect string value: '\xF0\x9F\x98\x81\xEF\xBC...' for column 'review_text' at row 1; nested exception is java.sql.SQLException: Incorrect string value: '\xF0\x9F\x98\x81\xEF\xBC...' for column 'review_text' at row 1
	at org.springframework.jdbc.support.AbstractFallbackSQLExceptionTranslator.translate(AbstractFallbackSQLExceptionTranslator.java:84)
	at org.springframework.jdbc.support.AbstractFallbackSQLExceptionTranslator.translate(AbstractFallbackSQLExceptionTranslator.java:81)
	at org.springframework.jdbc.support.AbstractFallbackSQLExceptionTranslator.translate(AbstractFallbackSQLExceptionTranslator.java:81)
	at org.springframework.jdbc.core.JdbcTemplate.execute(JdbcTemplate.java:660)
	at org.springframework.jdbc.core.JdbcTemplate.update(JdbcTemplate.java:909)
	at org.springframework.jdbc.core.JdbcTemplate.update(JdbcTemplate.java:970)
	at org.springframework.jdbc.core.JdbcTemplate.update(JdbcTemplate.java:980)
	at net.hoyoung.crawler.TestCrawler.process(TestCrawler.java:114)
	at us.codecraft.webmagic.Spider.processRequest(Spider.java:420)
	at us.codecraft.webmagic.Spider$1.run(Spider.java:322)
	at us.codecraft.webmagic.selector.thread.CountableThreadPool$1.run(CountableThreadPool.java:74)
	at java.util.concurrent.ThreadPoolExecutor.runWorker(ThreadPoolExecutor.java:1142)
	at java.util.concurrent.ThreadPoolExecutor$Worker.run(ThreadPoolExecutor.java:617)
	at java.lang.Thread.run(Thread.java:745)
Caused by: java.sql.SQLException: Incorrect string value: '\xF0\x9F\x98\x81\xEF\xBC...' for column 'review_text' at row 1
	at com.mysql.jdbc.SQLError.createSQLException(SQLError.java:1073)
	at com.mysql.jdbc.MysqlIO.checkErrorPacket(MysqlIO.java:3609)
	at com.mysql.jdbc.MysqlIO.checkErrorPacket(MysqlIO.java:3541)
	at com.mysql.jdbc.MysqlIO.sendCommand(MysqlIO.java:2002)
	at com.mysql.jdbc.MysqlIO.sqlQueryDirect(MysqlIO.java:2163)
	at com.mysql.jdbc.ConnectionImpl.execSQL(ConnectionImpl.java:2624)
	at com.mysql.jdbc.PreparedStatement.executeInternal(PreparedStatement.java:2127)
	at com.mysql.jdbc.PreparedStatement.executeUpdate(PreparedStatement.java:2427)
	at com.mysql.jdbc.PreparedStatement.executeUpdate(PreparedStatement.java:2345)
	at com.mysql.jdbc.PreparedStatement.executeUpdate(PreparedStatement.java:2330)
	at org.apache.commons.dbcp.DelegatingPreparedStatement.executeUpdate(DelegatingPreparedStatement.java:105)
	at org.apache.commons.dbcp.DelegatingPreparedStatement.executeUpdate(DelegatingPreparedStatement.java:105)
	at org.springframework.jdbc.core.JdbcTemplate$2.doInPreparedStatement(JdbcTemplate.java:916)
	at org.springframework.jdbc.core.JdbcTemplate$2.doInPreparedStatement(JdbcTemplate.java:909)
	at org.springframework.jdbc.core.JdbcTemplate.execute(JdbcTemplate.java:644)
	... 10 more
2015-10-28 14:38:31  [ pool-1-thread-1:4195 ] - [ ERROR ]  process request Request{url='http://www.amazon.cn/ss/customer-reviews/ajax/reviews/get/ref=cm_cr_pr_btm_link_2?r=1446014310056', method='POST', extras={nameValuePair=[Lorg.apache.http.NameValuePair;@3765304f, pid=2, asin=B00EC7DOT6, product_name=一个人的朝圣, pageNum=2, statusCode=200}, priority=0} error
org.springframework.jdbc.UncategorizedSQLException: PreparedStatementCallback; uncategorized SQLException for SQL [INSERT INTO comments(pid,product_name,review_votes,helpful_votes,star,review_title,review_date,review_author,review_author_url,thread_id,review_text,create_time) VALUES (?,?,?,?,?,?,?,?,?,?,?,?)]; SQL state [HY000]; error code [1366]; Incorrect string value: '\xF0\x9F\x98\x81\xEF\xBC...' for column 'review_text' at row 1; nested exception is java.sql.SQLException: Incorrect string value: '\xF0\x9F\x98\x81\xEF\xBC...' for column 'review_text' at row 1
	at org.springframework.jdbc.support.AbstractFallbackSQLExceptionTranslator.translate(AbstractFallbackSQLExceptionTranslator.java:84)
	at org.springframework.jdbc.support.AbstractFallbackSQLExceptionTranslator.translate(AbstractFallbackSQLExceptionTranslator.java:81)
	at org.springframework.jdbc.support.AbstractFallbackSQLExceptionTranslator.translate(AbstractFallbackSQLExceptionTranslator.java:81)
	at org.springframework.jdbc.core.JdbcTemplate.execute(JdbcTemplate.java:660)
	at org.springframework.jdbc.core.JdbcTemplate.update(JdbcTemplate.java:909)
	at org.springframework.jdbc.core.JdbcTemplate.update(JdbcTemplate.java:970)
	at org.springframework.jdbc.core.JdbcTemplate.update(JdbcTemplate.java:980)
	at net.hoyoung.crawler.TestCrawler.process(TestCrawler.java:114)
	at us.codecraft.webmagic.Spider.processRequest(Spider.java:420)
	at us.codecraft.webmagic.Spider$1.run(Spider.java:322)
	at us.codecraft.webmagic.selector.thread.CountableThreadPool$1.run(CountableThreadPool.java:74)
	at java.util.concurrent.ThreadPoolExecutor.runWorker(ThreadPoolExecutor.java:1142)
	at java.util.concurrent.ThreadPoolExecutor$Worker.run(ThreadPoolExecutor.java:617)
	at java.lang.Thread.run(Thread.java:745)
Caused by: java.sql.SQLException: Incorrect string value: '\xF0\x9F\x98\x81\xEF\xBC...' for column 'review_text' at row 1
	at com.mysql.jdbc.SQLError.createSQLException(SQLError.java:1073)
	at com.mysql.jdbc.MysqlIO.checkErrorPacket(MysqlIO.java:3609)
	at com.mysql.jdbc.MysqlIO.checkErrorPacket(MysqlIO.java:3541)
	at com.mysql.jdbc.MysqlIO.sendCommand(MysqlIO.java:2002)
	at com.mysql.jdbc.MysqlIO.sqlQueryDirect(MysqlIO.java:2163)
	at com.mysql.jdbc.ConnectionImpl.execSQL(ConnectionImpl.java:2624)
	at com.mysql.jdbc.PreparedStatement.executeInternal(PreparedStatement.java:2127)
	at com.mysql.jdbc.PreparedStatement.executeUpdate(PreparedStatement.java:2427)
	at com.mysql.jdbc.PreparedStatement.executeUpdate(PreparedStatement.java:2345)
	at com.mysql.jdbc.PreparedStatement.executeUpdate(PreparedStatement.java:2330)
	at org.apache.commons.dbcp.DelegatingPreparedStatement.executeUpdate(DelegatingPreparedStatement.java:105)
	at org.apache.commons.dbcp.DelegatingPreparedStatement.executeUpdate(DelegatingPreparedStatement.java:105)
	at org.springframework.jdbc.core.JdbcTemplate$2.doInPreparedStatement(JdbcTemplate.java:916)
	at org.springframework.jdbc.core.JdbcTemplate$2.doInPreparedStatement(JdbcTemplate.java:909)
	at org.springframework.jdbc.core.JdbcTemplate.execute(JdbcTemplate.java:644)
	... 10 more
2015-10-28 14:40:48  [ pool-1-thread-1:3731 ] - [ ERROR ]  process request Request{url='http://www.amazon.cn/ss/customer-reviews/ajax/reviews/get/ref=cm_cr_pr_btm_link_2?r=1446014447217', method='POST', extras={nameValuePair=[Lorg.apache.http.NameValuePair;@f0e862b, pid=2, asin=B00EC7DOT6, product_name=一个人的朝圣, pageNum=2, statusCode=200}, priority=0} error
org.springframework.jdbc.UncategorizedSQLException: PreparedStatementCallback; uncategorized SQLException for SQL [INSERT INTO comments(pid,product_name,review_votes,helpful_votes,star,review_title,review_date,review_author,review_author_url,thread_id,review_text,create_time) VALUES (?,?,?,?,?,?,?,?,?,?,?,?)]; SQL state [HY000]; error code [1366]; Incorrect string value: '\xF0\x9F\x98\x81\xEF\xBC...' for column 'review_text' at row 1; nested exception is java.sql.SQLException: Incorrect string value: '\xF0\x9F\x98\x81\xEF\xBC...' for column 'review_text' at row 1
	at org.springframework.jdbc.support.AbstractFallbackSQLExceptionTranslator.translate(AbstractFallbackSQLExceptionTranslator.java:84)
	at org.springframework.jdbc.support.AbstractFallbackSQLExceptionTranslator.translate(AbstractFallbackSQLExceptionTranslator.java:81)
	at org.springframework.jdbc.support.AbstractFallbackSQLExceptionTranslator.translate(AbstractFallbackSQLExceptionTranslator.java:81)
	at org.springframework.jdbc.core.JdbcTemplate.execute(JdbcTemplate.java:660)
	at org.springframework.jdbc.core.JdbcTemplate.update(JdbcTemplate.java:909)
	at org.springframework.jdbc.core.JdbcTemplate.update(JdbcTemplate.java:970)
	at org.springframework.jdbc.core.JdbcTemplate.update(JdbcTemplate.java:980)
	at net.hoyoung.crawler.TestCrawler.process(TestCrawler.java:114)
	at us.codecraft.webmagic.Spider.processRequest(Spider.java:420)
	at us.codecraft.webmagic.Spider$1.run(Spider.java:322)
	at us.codecraft.webmagic.selector.thread.CountableThreadPool$1.run(CountableThreadPool.java:74)
	at java.util.concurrent.ThreadPoolExecutor.runWorker(ThreadPoolExecutor.java:1142)
	at java.util.concurrent.ThreadPoolExecutor$Worker.run(ThreadPoolExecutor.java:617)
	at java.lang.Thread.run(Thread.java:745)
Caused by: java.sql.SQLException: Incorrect string value: '\xF0\x9F\x98\x81\xEF\xBC...' for column 'review_text' at row 1
	at com.mysql.jdbc.SQLError.createSQLException(SQLError.java:1073)
	at com.mysql.jdbc.MysqlIO.checkErrorPacket(MysqlIO.java:3609)
	at com.mysql.jdbc.MysqlIO.checkErrorPacket(MysqlIO.java:3541)
	at com.mysql.jdbc.MysqlIO.sendCommand(MysqlIO.java:2002)
	at com.mysql.jdbc.MysqlIO.sqlQueryDirect(MysqlIO.java:2163)
	at com.mysql.jdbc.ConnectionImpl.execSQL(ConnectionImpl.java:2624)
	at com.mysql.jdbc.PreparedStatement.executeInternal(PreparedStatement.java:2127)
	at com.mysql.jdbc.PreparedStatement.executeUpdate(PreparedStatement.java:2427)
	at com.mysql.jdbc.PreparedStatement.executeUpdate(PreparedStatement.java:2345)
	at com.mysql.jdbc.PreparedStatement.executeUpdate(PreparedStatement.java:2330)
	at org.apache.commons.dbcp.DelegatingPreparedStatement.executeUpdate(DelegatingPreparedStatement.java:105)
	at org.apache.commons.dbcp.DelegatingPreparedStatement.executeUpdate(DelegatingPreparedStatement.java:105)
	at org.springframework.jdbc.core.JdbcTemplate$2.doInPreparedStatement(JdbcTemplate.java:916)
	at org.springframework.jdbc.core.JdbcTemplate$2.doInPreparedStatement(JdbcTemplate.java:909)
	at org.springframework.jdbc.core.JdbcTemplate.execute(JdbcTemplate.java:644)
	... 10 more
2015-10-28 14:43:00  [ pool-1-thread-1:4551 ] - [ ERROR ]  process request Request{url='http://www.amazon.cn/ss/customer-reviews/ajax/reviews/get/ref=cm_cr_pr_btm_link_2?r=1446014577947', method='POST', extras={nameValuePair=[Lorg.apache.http.NameValuePair;@7a069ac7, pid=2, asin=B00EC7DOT6, product_name=一个人的朝圣, pageNum=2, statusCode=200}, priority=0} error
org.springframework.jdbc.UncategorizedSQLException: PreparedStatementCallback; uncategorized SQLException for SQL [INSERT INTO comments(pid,product_name,review_votes,helpful_votes,star,review_title,review_date,review_author,review_author_url,thread_id,review_text,create_time) VALUES (?,?,?,?,?,?,?,?,?,?,?,?)]; SQL state [HY000]; error code [1366]; Incorrect string value: '\xF0\x9F\x98\x81\xEF\xBC...' for column 'review_text' at row 1; nested exception is java.sql.SQLException: Incorrect string value: '\xF0\x9F\x98\x81\xEF\xBC...' for column 'review_text' at row 1
	at org.springframework.jdbc.support.AbstractFallbackSQLExceptionTranslator.translate(AbstractFallbackSQLExceptionTranslator.java:84)
	at org.springframework.jdbc.support.AbstractFallbackSQLExceptionTranslator.translate(AbstractFallbackSQLExceptionTranslator.java:81)
	at org.springframework.jdbc.support.AbstractFallbackSQLExceptionTranslator.translate(AbstractFallbackSQLExceptionTranslator.java:81)
	at org.springframework.jdbc.core.JdbcTemplate.execute(JdbcTemplate.java:660)
	at org.springframework.jdbc.core.JdbcTemplate.update(JdbcTemplate.java:909)
	at org.springframework.jdbc.core.JdbcTemplate.update(JdbcTemplate.java:970)
	at org.springframework.jdbc.core.JdbcTemplate.update(JdbcTemplate.java:980)
	at net.hoyoung.crawler.TestCrawler.process(TestCrawler.java:114)
	at us.codecraft.webmagic.Spider.processRequest(Spider.java:420)
	at us.codecraft.webmagic.Spider$1.run(Spider.java:322)
	at us.codecraft.webmagic.selector.thread.CountableThreadPool$1.run(CountableThreadPool.java:74)
	at java.util.concurrent.ThreadPoolExecutor.runWorker(ThreadPoolExecutor.java:1142)
	at java.util.concurrent.ThreadPoolExecutor$Worker.run(ThreadPoolExecutor.java:617)
	at java.lang.Thread.run(Thread.java:745)
Caused by: java.sql.SQLException: Incorrect string value: '\xF0\x9F\x98\x81\xEF\xBC...' for column 'review_text' at row 1
	at com.mysql.jdbc.SQLError.createSQLException(SQLError.java:1073)
	at com.mysql.jdbc.MysqlIO.checkErrorPacket(MysqlIO.java:3609)
	at com.mysql.jdbc.MysqlIO.checkErrorPacket(MysqlIO.java:3541)
	at com.mysql.jdbc.MysqlIO.sendCommand(MysqlIO.java:2002)
	at com.mysql.jdbc.MysqlIO.sqlQueryDirect(MysqlIO.java:2163)
	at com.mysql.jdbc.ConnectionImpl.execSQL(ConnectionImpl.java:2624)
	at com.mysql.jdbc.PreparedStatement.executeInternal(PreparedStatement.java:2127)
	at com.mysql.jdbc.PreparedStatement.executeUpdate(PreparedStatement.java:2427)
	at com.mysql.jdbc.PreparedStatement.executeUpdate(PreparedStatement.java:2345)
	at com.mysql.jdbc.PreparedStatement.executeUpdate(PreparedStatement.java:2330)
	at org.apache.commons.dbcp.DelegatingPreparedStatement.executeUpdate(DelegatingPreparedStatement.java:105)
	at org.apache.commons.dbcp.DelegatingPreparedStatement.executeUpdate(DelegatingPreparedStatement.java:105)
	at org.springframework.jdbc.core.JdbcTemplate$2.doInPreparedStatement(JdbcTemplate.java:916)
	at org.springframework.jdbc.core.JdbcTemplate$2.doInPreparedStatement(JdbcTemplate.java:909)
	at org.springframework.jdbc.core.JdbcTemplate.execute(JdbcTemplate.java:644)
	... 10 more
2015-10-28 14:45:53  [ pool-1-thread-1:3634 ] - [ ERROR ]  process request Request{url='http://www.amazon.cn/ss/customer-reviews/ajax/reviews/get/ref=cm_cr_pr_btm_link_2?r=1446014751937', method='POST', extras={nameValuePair=[Lorg.apache.http.NameValuePair;@34cb21f7, pid=2, asin=B00EC7DOT6, product_name=一个人的朝圣, pageNum=2, statusCode=200}, priority=0} error
org.springframework.dao.TransientDataAccessResourceException: PreparedStatementCallback; SQL [INSERT INTO comments(pid,product_name,review_votes,helpful_votes,star,review_title,review_date,review_author,review_author_url,thread_id,review_text,create_time) VALUES (?,?,?,?,?,?,?,?,?,?,'Company Harold to finish the travel, I look deeply into my own life. Nobody has an easy life. We have to learn how and when to hold on, to give up, to give love and take a break. It's a good story. Every normal person can do something big.',?)]; Parameter index out of range (11 > number of parameters, which is 10).; nested exception is java.sql.SQLException: Parameter index out of range (11 > number of parameters, which is 10).
	at org.springframework.jdbc.support.SQLStateSQLExceptionTranslator.doTranslate(SQLStateSQLExceptionTranslator.java:108)
	at org.springframework.jdbc.support.AbstractFallbackSQLExceptionTranslator.translate(AbstractFallbackSQLExceptionTranslator.java:73)
	at org.springframework.jdbc.support.AbstractFallbackSQLExceptionTranslator.translate(AbstractFallbackSQLExceptionTranslator.java:81)
	at org.springframework.jdbc.support.AbstractFallbackSQLExceptionTranslator.translate(AbstractFallbackSQLExceptionTranslator.java:81)
	at org.springframework.jdbc.core.JdbcTemplate.execute(JdbcTemplate.java:660)
	at org.springframework.jdbc.core.JdbcTemplate.update(JdbcTemplate.java:909)
	at org.springframework.jdbc.core.JdbcTemplate.update(JdbcTemplate.java:970)
	at org.springframework.jdbc.core.JdbcTemplate.update(JdbcTemplate.java:980)
	at net.hoyoung.crawler.TestCrawler.process(TestCrawler.java:114)
	at us.codecraft.webmagic.Spider.processRequest(Spider.java:420)
	at us.codecraft.webmagic.Spider$1.run(Spider.java:322)
	at us.codecraft.webmagic.selector.thread.CountableThreadPool$1.run(CountableThreadPool.java:74)
	at java.util.concurrent.ThreadPoolExecutor.runWorker(ThreadPoolExecutor.java:1142)
	at java.util.concurrent.ThreadPoolExecutor$Worker.run(ThreadPoolExecutor.java:617)
	at java.lang.Thread.run(Thread.java:745)
Caused by: java.sql.SQLException: Parameter index out of range (11 > number of parameters, which is 10).
	at com.mysql.jdbc.SQLError.createSQLException(SQLError.java:1073)
	at com.mysql.jdbc.SQLError.createSQLException(SQLError.java:987)
	at com.mysql.jdbc.SQLError.createSQLException(SQLError.java:982)
	at com.mysql.jdbc.SQLError.createSQLException(SQLError.java:927)
	at com.mysql.jdbc.PreparedStatement.checkBounds(PreparedStatement.java:3729)
	at com.mysql.jdbc.PreparedStatement.setInternal(PreparedStatement.java:3713)
	at com.mysql.jdbc.PreparedStatement.setInternal(PreparedStatement.java:3755)
	at com.mysql.jdbc.PreparedStatement.setTimestampInternal(PreparedStatement.java:4784)
	at com.mysql.jdbc.PreparedStatement.setTimestamp(PreparedStatement.java:4719)
	at org.apache.commons.dbcp.DelegatingPreparedStatement.setTimestamp(DelegatingPreparedStatement.java:147)
	at org.apache.commons.dbcp.DelegatingPreparedStatement.setTimestamp(DelegatingPreparedStatement.java:147)
	at org.springframework.jdbc.core.StatementCreatorUtils.setValue(StatementCreatorUtils.java:418)
	at org.springframework.jdbc.core.StatementCreatorUtils.setParameterValueInternal(StatementCreatorUtils.java:235)
	at org.springframework.jdbc.core.StatementCreatorUtils.setParameterValue(StatementCreatorUtils.java:166)
	at org.springframework.jdbc.core.ArgumentPreparedStatementSetter.doSetValue(ArgumentPreparedStatementSetter.java:66)
	at org.springframework.jdbc.core.ArgumentPreparedStatementSetter.setValues(ArgumentPreparedStatementSetter.java:47)
	at org.springframework.jdbc.core.JdbcTemplate$2.doInPreparedStatement(JdbcTemplate.java:914)
	at org.springframework.jdbc.core.JdbcTemplate$2.doInPreparedStatement(JdbcTemplate.java:909)
	at org.springframework.jdbc.core.JdbcTemplate.execute(JdbcTemplate.java:644)
	... 10 more
2015-10-28 14:46:16  [ pool-1-thread-1:2415 ] - [ ERROR ]  process request Request{url='http://www.amazon.cn/ss/customer-reviews/ajax/reviews/get/ref=cm_cr_pr_btm_link_2?r=1446014773234', method='POST', extras={nameValuePair=[Lorg.apache.http.NameValuePair;@659deb92, pid=2, asin=B00EC7DOT6, product_name=一个人的朝圣, pageNum=1, statusCode=200}, priority=0} error
org.springframework.dao.TransientDataAccessResourceException: PreparedStatementCallback; SQL [INSERT INTO comments(pid,product_name,review_votes,helpful_votes,star,review_title,review_date,review_author,review_author_url,thread_id,review_text,create_time) VALUES (?,?,?,?,?,?,?,?,?,'刚看完《一个人的朝圣》，在假期中看看书一定是非常惬意，并且绝对是有收获的事。很少去看外国作者写的小说，及时看了也不一定看完，而这次看完了。的确，写在最后的一定是最好的，小说后面的情节能更多的让人思考。小说中说了一个平凡的退了休的70多岁的老者，一生不管是生活还是工作都是属于默默无闻的那种，而这样的默默无闻在工作中体现出了没有太多处得来的同事，生活中也几乎没有朋友，然而一天他接到了一封朋友的来信，在英国的另一端，他朋友得了癌症，不知是哪来的勇气，还是一时的冲动，他打破了70多年来自身平稳的处事风格，决定一个人步行横穿英国去给他患病的朋友打气，给予他信念的支持。从对单人徒步旅行的一脸茫然，到应付自如；从羞于把自己横穿英国的原因告诉路人，到很欣然的和别人分享自己一路过来所见所闻；从一开始被所有知道的人，包括他自己都不看好的冲动之举，到后来得到越来越多的人的支持，乃至很不少人半路加入了和他一起徒步的行列，包括一条半路没有主人的小狗。最终见到了他的患病朋友，完成了需要坚定信念的壮举。故事看起来简单，但是小说的精彩之处在于非常深刻、准确的描写出了整个行程，或者说是整个行动中，这个70多岁的老者心理活动的变化。行程开始的茫然，无助，中途的独单，而后有很多的追随者，接着又再次落单，包括那条小狗也离开了他，选择了自己的新的生活起点，最后接近在终点前的徘徊，到达之后的释然。行程如人生。波澜壮阔的人生如行程那般，唯有执着坚定、确定目标的人才能走到最后，因为人们的目标是不同的，所以到最后的最后要走完它，一定是孤独的。2014.8.12',?)]; Parameter index out of range (11 > number of parameters, which is 10).; nested exception is java.sql.SQLException: Parameter index out of range (11 > number of parameters, which is 10).
	at org.springframework.jdbc.support.SQLStateSQLExceptionTranslator.doTranslate(SQLStateSQLExceptionTranslator.java:108)
	at org.springframework.jdbc.support.AbstractFallbackSQLExceptionTranslator.translate(AbstractFallbackSQLExceptionTranslator.java:73)
	at org.springframework.jdbc.support.AbstractFallbackSQLExceptionTranslator.translate(AbstractFallbackSQLExceptionTranslator.java:81)
	at org.springframework.jdbc.support.AbstractFallbackSQLExceptionTranslator.translate(AbstractFallbackSQLExceptionTranslator.java:81)
	at org.springframework.jdbc.core.JdbcTemplate.execute(JdbcTemplate.java:660)
	at org.springframework.jdbc.core.JdbcTemplate.update(JdbcTemplate.java:909)
	at org.springframework.jdbc.core.JdbcTemplate.update(JdbcTemplate.java:970)
	at org.springframework.jdbc.core.JdbcTemplate.update(JdbcTemplate.java:980)
	at net.hoyoung.crawler.TestCrawler.process(TestCrawler.java:114)
	at us.codecraft.webmagic.Spider.processRequest(Spider.java:420)
	at us.codecraft.webmagic.Spider$1.run(Spider.java:322)
	at us.codecraft.webmagic.selector.thread.CountableThreadPool$1.run(CountableThreadPool.java:74)
	at java.util.concurrent.ThreadPoolExecutor.runWorker(ThreadPoolExecutor.java:1142)
	at java.util.concurrent.ThreadPoolExecutor$Worker.run(ThreadPoolExecutor.java:617)
	at java.lang.Thread.run(Thread.java:745)
Caused by: java.sql.SQLException: Parameter index out of range (11 > number of parameters, which is 10).
	at com.mysql.jdbc.SQLError.createSQLException(SQLError.java:1073)
	at com.mysql.jdbc.SQLError.createSQLException(SQLError.java:987)
	at com.mysql.jdbc.SQLError.createSQLException(SQLError.java:982)
	at com.mysql.jdbc.SQLError.createSQLException(SQLError.java:927)
	at com.mysql.jdbc.PreparedStatement.checkBounds(PreparedStatement.java:3729)
	at com.mysql.jdbc.PreparedStatement.setInternal(PreparedStatement.java:3713)
	at com.mysql.jdbc.PreparedStatement.setInternal(PreparedStatement.java:3755)
	at com.mysql.jdbc.PreparedStatement.setTimestampInternal(PreparedStatement.java:4784)
	at com.mysql.jdbc.PreparedStatement.setTimestamp(PreparedStatement.java:4719)
	at org.apache.commons.dbcp.DelegatingPreparedStatement.setTimestamp(DelegatingPreparedStatement.java:147)
	at org.apache.commons.dbcp.DelegatingPreparedStatement.setTimestamp(DelegatingPreparedStatement.java:147)
	at org.springframework.jdbc.core.StatementCreatorUtils.setValue(StatementCreatorUtils.java:418)
	at org.springframework.jdbc.core.StatementCreatorUtils.setParameterValueInternal(StatementCreatorUtils.java:235)
	at org.springframework.jdbc.core.StatementCreatorUtils.setParameterValue(StatementCreatorUtils.java:166)
	at org.springframework.jdbc.core.ArgumentPreparedStatementSetter.doSetValue(ArgumentPreparedStatementSetter.java:66)
	at org.springframework.jdbc.core.ArgumentPreparedStatementSetter.setValues(ArgumentPreparedStatementSetter.java:47)
	at org.springframework.jdbc.core.JdbcTemplate$2.doInPreparedStatement(JdbcTemplate.java:914)
	at org.springframework.jdbc.core.JdbcTemplate$2.doInPreparedStatement(JdbcTemplate.java:909)
	at org.springframework.jdbc.core.JdbcTemplate.execute(JdbcTemplate.java:644)
	... 10 more
2015-10-28 14:48:05  [ pool-1-thread-1:4655 ] - [ ERROR ]  process request Request{url='http://www.amazon.cn/ss/customer-reviews/ajax/reviews/get/ref=cm_cr_pr_btm_link_2?r=1446014883050', method='POST', extras={nameValuePair=[Lorg.apache.http.NameValuePair;@51cef257, pid=2, asin=B00EC7DOT6, product_name=一个人的朝圣, pageNum=2, statusCode=200}, priority=0} error
org.springframework.dao.TransientDataAccessResourceException: PreparedStatementCallback; SQL [INSERT INTO comments(pid,product_name,review_votes,helpful_votes,star,review_title,review_date,review_author,review_author_url,thread_id,review_text,create_time) VALUES (?,?,?,?,?,?,?,?,?,?,'Company Harold to finish the travel, I look deeply into my own life. Nobody has an easy life. We have to learn how and when to hold on, to give up, to give love and take a break. It's a good story. Every normal person can do something big.',?)]; Parameter index out of range (11 > number of parameters, which is 10).; nested exception is java.sql.SQLException: Parameter index out of range (11 > number of parameters, which is 10).
	at org.springframework.jdbc.support.SQLStateSQLExceptionTranslator.doTranslate(SQLStateSQLExceptionTranslator.java:108)
	at org.springframework.jdbc.support.AbstractFallbackSQLExceptionTranslator.translate(AbstractFallbackSQLExceptionTranslator.java:73)
	at org.springframework.jdbc.support.AbstractFallbackSQLExceptionTranslator.translate(AbstractFallbackSQLExceptionTranslator.java:81)
	at org.springframework.jdbc.support.AbstractFallbackSQLExceptionTranslator.translate(AbstractFallbackSQLExceptionTranslator.java:81)
	at org.springframework.jdbc.core.JdbcTemplate.execute(JdbcTemplate.java:660)
	at org.springframework.jdbc.core.JdbcTemplate.update(JdbcTemplate.java:909)
	at org.springframework.jdbc.core.JdbcTemplate.update(JdbcTemplate.java:970)
	at org.springframework.jdbc.core.JdbcTemplate.update(JdbcTemplate.java:980)
	at net.hoyoung.crawler.TestCrawler.process(TestCrawler.java:114)
	at us.codecraft.webmagic.Spider.processRequest(Spider.java:420)
	at us.codecraft.webmagic.Spider$1.run(Spider.java:322)
	at us.codecraft.webmagic.selector.thread.CountableThreadPool$1.run(CountableThreadPool.java:74)
	at java.util.concurrent.ThreadPoolExecutor.runWorker(ThreadPoolExecutor.java:1142)
	at java.util.concurrent.ThreadPoolExecutor$Worker.run(ThreadPoolExecutor.java:617)
	at java.lang.Thread.run(Thread.java:745)
Caused by: java.sql.SQLException: Parameter index out of range (11 > number of parameters, which is 10).
	at com.mysql.jdbc.SQLError.createSQLException(SQLError.java:1073)
	at com.mysql.jdbc.SQLError.createSQLException(SQLError.java:987)
	at com.mysql.jdbc.SQLError.createSQLException(SQLError.java:982)
	at com.mysql.jdbc.SQLError.createSQLException(SQLError.java:927)
	at com.mysql.jdbc.PreparedStatement.checkBounds(PreparedStatement.java:3729)
	at com.mysql.jdbc.PreparedStatement.setInternal(PreparedStatement.java:3713)
	at com.mysql.jdbc.PreparedStatement.setInternal(PreparedStatement.java:3755)
	at com.mysql.jdbc.PreparedStatement.setTimestampInternal(PreparedStatement.java:4784)
	at com.mysql.jdbc.PreparedStatement.setTimestamp(PreparedStatement.java:4719)
	at org.apache.commons.dbcp.DelegatingPreparedStatement.setTimestamp(DelegatingPreparedStatement.java:147)
	at org.apache.commons.dbcp.DelegatingPreparedStatement.setTimestamp(DelegatingPreparedStatement.java:147)
	at org.springframework.jdbc.core.StatementCreatorUtils.setValue(StatementCreatorUtils.java:418)
	at org.springframework.jdbc.core.StatementCreatorUtils.setParameterValueInternal(StatementCreatorUtils.java:235)
	at org.springframework.jdbc.core.StatementCreatorUtils.setParameterValue(StatementCreatorUtils.java:166)
	at org.springframework.jdbc.core.ArgumentPreparedStatementSetter.doSetValue(ArgumentPreparedStatementSetter.java:66)
	at org.springframework.jdbc.core.ArgumentPreparedStatementSetter.setValues(ArgumentPreparedStatementSetter.java:47)
	at org.springframework.jdbc.core.JdbcTemplate$2.doInPreparedStatement(JdbcTemplate.java:914)
	at org.springframework.jdbc.core.JdbcTemplate$2.doInPreparedStatement(JdbcTemplate.java:909)
	at org.springframework.jdbc.core.JdbcTemplate.execute(JdbcTemplate.java:644)
	... 10 more
2015-10-28 14:51:24  [ pool-1-thread-1:4382 ] - [ ERROR ]  process request Request{url='http://www.amazon.cn/ss/customer-reviews/ajax/reviews/get/ref=cm_cr_pr_btm_link_2?r=1446015082098', method='POST', extras={nameValuePair=[Lorg.apache.http.NameValuePair;@57f350d6, pid=2, asin=B00EC7DOT6, product_name=一个人的朝圣, pageNum=2, statusCode=200}, priority=0} error
org.springframework.jdbc.UncategorizedSQLException: PreparedStatementCallback; uncategorized SQLException for SQL [INSERT INTO comments(pid,product_name,review_votes,helpful_votes,star,review_title,review_date,review_author,review_author_url,thread_id,review_text,create_time) VALUES (?,?,?,?,?,?,?,?,?,?,?,?)]; SQL state [HY000]; error code [1366]; Incorrect string value: '\xF0\x9F\x98\x81\xEF\xBC...' for column 'review_text' at row 1; nested exception is java.sql.SQLException: Incorrect string value: '\xF0\x9F\x98\x81\xEF\xBC...' for column 'review_text' at row 1
	at org.springframework.jdbc.support.AbstractFallbackSQLExceptionTranslator.translate(AbstractFallbackSQLExceptionTranslator.java:84)
	at org.springframework.jdbc.support.AbstractFallbackSQLExceptionTranslator.translate(AbstractFallbackSQLExceptionTranslator.java:81)
	at org.springframework.jdbc.support.AbstractFallbackSQLExceptionTranslator.translate(AbstractFallbackSQLExceptionTranslator.java:81)
	at org.springframework.jdbc.core.JdbcTemplate.execute(JdbcTemplate.java:660)
	at org.springframework.jdbc.core.JdbcTemplate.update(JdbcTemplate.java:909)
	at org.springframework.jdbc.core.JdbcTemplate.update(JdbcTemplate.java:970)
	at org.springframework.jdbc.core.JdbcTemplate.update(JdbcTemplate.java:980)
	at net.hoyoung.crawler.TestCrawler.process(TestCrawler.java:120)
	at us.codecraft.webmagic.Spider.processRequest(Spider.java:420)
	at us.codecraft.webmagic.Spider$1.run(Spider.java:322)
	at us.codecraft.webmagic.selector.thread.CountableThreadPool$1.run(CountableThreadPool.java:74)
	at java.util.concurrent.ThreadPoolExecutor.runWorker(ThreadPoolExecutor.java:1142)
	at java.util.concurrent.ThreadPoolExecutor$Worker.run(ThreadPoolExecutor.java:617)
	at java.lang.Thread.run(Thread.java:745)
Caused by: java.sql.SQLException: Incorrect string value: '\xF0\x9F\x98\x81\xEF\xBC...' for column 'review_text' at row 1
	at com.mysql.jdbc.SQLError.createSQLException(SQLError.java:1073)
	at com.mysql.jdbc.MysqlIO.checkErrorPacket(MysqlIO.java:3609)
	at com.mysql.jdbc.MysqlIO.checkErrorPacket(MysqlIO.java:3541)
	at com.mysql.jdbc.MysqlIO.sendCommand(MysqlIO.java:2002)
	at com.mysql.jdbc.MysqlIO.sqlQueryDirect(MysqlIO.java:2163)
	at com.mysql.jdbc.ConnectionImpl.execSQL(ConnectionImpl.java:2624)
	at com.mysql.jdbc.PreparedStatement.executeInternal(PreparedStatement.java:2127)
	at com.mysql.jdbc.PreparedStatement.executeUpdate(PreparedStatement.java:2427)
	at com.mysql.jdbc.PreparedStatement.executeUpdate(PreparedStatement.java:2345)
	at com.mysql.jdbc.PreparedStatement.executeUpdate(PreparedStatement.java:2330)
	at org.apache.commons.dbcp.DelegatingPreparedStatement.executeUpdate(DelegatingPreparedStatement.java:105)
	at org.apache.commons.dbcp.DelegatingPreparedStatement.executeUpdate(DelegatingPreparedStatement.java:105)
	at org.springframework.jdbc.core.JdbcTemplate$2.doInPreparedStatement(JdbcTemplate.java:916)
	at org.springframework.jdbc.core.JdbcTemplate$2.doInPreparedStatement(JdbcTemplate.java:909)
	at org.springframework.jdbc.core.JdbcTemplate.execute(JdbcTemplate.java:644)
	... 10 more
2015-10-28 14:52:53  [ pool-1-thread-1:2300 ] - [ ERROR ]  process request Request{url='http://www.amazon.cn/ss/customer-reviews/ajax/reviews/get/ref=cm_cr_pr_btm_link_2?r=1446015171129', method='POST', extras={nameValuePair=[Lorg.apache.http.NameValuePair;@3eeb4c2a, pid=2, asin=B00EC7DOT6, product_name=一个人的朝圣, pageNum=1, statusCode=200}, priority=0} error
org.springframework.jdbc.UncategorizedSQLException: PreparedStatementCallback; uncategorized SQLException for SQL [INSERT INTO comments(pid,product_name,review_votes,helpful_votes,star,review_title,review_date,review_author,review_author_url,thread_id,review_text,create_time) VALUES (?,?,?,?,?,?,?,?,?,?,?,?)]; SQL state [HY000]; error code [1366]; Incorrect string value: '\xE2\x9F\xAA\xE4\xB8\x80...' for column 'review_text' at row 1; nested exception is java.sql.SQLException: Incorrect string value: '\xE2\x9F\xAA\xE4\xB8\x80...' for column 'review_text' at row 1
	at org.springframework.jdbc.support.AbstractFallbackSQLExceptionTranslator.translate(AbstractFallbackSQLExceptionTranslator.java:84)
	at org.springframework.jdbc.support.AbstractFallbackSQLExceptionTranslator.translate(AbstractFallbackSQLExceptionTranslator.java:81)
	at org.springframework.jdbc.support.AbstractFallbackSQLExceptionTranslator.translate(AbstractFallbackSQLExceptionTranslator.java:81)
	at org.springframework.jdbc.core.JdbcTemplate.execute(JdbcTemplate.java:660)
	at org.springframework.jdbc.core.JdbcTemplate.update(JdbcTemplate.java:909)
	at org.springframework.jdbc.core.JdbcTemplate.update(JdbcTemplate.java:970)
	at org.springframework.jdbc.core.JdbcTemplate.update(JdbcTemplate.java:980)
	at net.hoyoung.crawler.TestCrawler.process(TestCrawler.java:120)
	at us.codecraft.webmagic.Spider.processRequest(Spider.java:420)
	at us.codecraft.webmagic.Spider$1.run(Spider.java:322)
	at us.codecraft.webmagic.selector.thread.CountableThreadPool$1.run(CountableThreadPool.java:74)
	at java.util.concurrent.ThreadPoolExecutor.runWorker(ThreadPoolExecutor.java:1142)
	at java.util.concurrent.ThreadPoolExecutor$Worker.run(ThreadPoolExecutor.java:617)
	at java.lang.Thread.run(Thread.java:745)
Caused by: java.sql.SQLException: Incorrect string value: '\xE2\x9F\xAA\xE4\xB8\x80...' for column 'review_text' at row 1
	at com.mysql.jdbc.SQLError.createSQLException(SQLError.java:1073)
	at com.mysql.jdbc.MysqlIO.checkErrorPacket(MysqlIO.java:3609)
	at com.mysql.jdbc.MysqlIO.checkErrorPacket(MysqlIO.java:3541)
	at com.mysql.jdbc.MysqlIO.sendCommand(MysqlIO.java:2002)
	at com.mysql.jdbc.MysqlIO.sqlQueryDirect(MysqlIO.java:2163)
	at com.mysql.jdbc.ConnectionImpl.execSQL(ConnectionImpl.java:2624)
	at com.mysql.jdbc.PreparedStatement.executeInternal(PreparedStatement.java:2127)
	at com.mysql.jdbc.PreparedStatement.executeUpdate(PreparedStatement.java:2427)
	at com.mysql.jdbc.PreparedStatement.executeUpdate(PreparedStatement.java:2345)
	at com.mysql.jdbc.PreparedStatement.executeUpdate(PreparedStatement.java:2330)
	at org.apache.commons.dbcp.DelegatingPreparedStatement.executeUpdate(DelegatingPreparedStatement.java:105)
	at org.apache.commons.dbcp.DelegatingPreparedStatement.executeUpdate(DelegatingPreparedStatement.java:105)
	at org.springframework.jdbc.core.JdbcTemplate$2.doInPreparedStatement(JdbcTemplate.java:916)
	at org.springframework.jdbc.core.JdbcTemplate$2.doInPreparedStatement(JdbcTemplate.java:909)
	at org.springframework.jdbc.core.JdbcTemplate.execute(JdbcTemplate.java:644)
	... 10 more
2015-10-28 14:55:13  [ pool-1-thread-1:3787 ] - [ ERROR ]  process request Request{url='http://www.amazon.cn/ss/customer-reviews/ajax/reviews/get/ref=cm_cr_pr_btm_link_2?r=1446015312172', method='POST', extras={nameValuePair=[Lorg.apache.http.NameValuePair;@4ecc4990, pid=2, asin=B00EC7DOT6, product_name=一个人的朝圣, pageNum=2, statusCode=200}, priority=0} error
org.springframework.jdbc.UncategorizedSQLException: PreparedStatementCallback; uncategorized SQLException for SQL [INSERT INTO comments(pid,product_name,review_votes,helpful_votes,star,review_title,review_date,review_author,review_author_url,thread_id,review_text,create_time) VALUES (?,?,?,?,?,?,?,?,?,?,?,?)]; SQL state [HY000]; error code [1366]; Incorrect string value: '\xF0\x9F\x98\x81\xEF\xBC...' for column 'review_text' at row 1; nested exception is java.sql.SQLException: Incorrect string value: '\xF0\x9F\x98\x81\xEF\xBC...' for column 'review_text' at row 1
	at org.springframework.jdbc.support.AbstractFallbackSQLExceptionTranslator.translate(AbstractFallbackSQLExceptionTranslator.java:84)
	at org.springframework.jdbc.support.AbstractFallbackSQLExceptionTranslator.translate(AbstractFallbackSQLExceptionTranslator.java:81)
	at org.springframework.jdbc.support.AbstractFallbackSQLExceptionTranslator.translate(AbstractFallbackSQLExceptionTranslator.java:81)
	at org.springframework.jdbc.core.JdbcTemplate.execute(JdbcTemplate.java:660)
	at org.springframework.jdbc.core.JdbcTemplate.update(JdbcTemplate.java:909)
	at org.springframework.jdbc.core.JdbcTemplate.update(JdbcTemplate.java:970)
	at org.springframework.jdbc.core.JdbcTemplate.update(JdbcTemplate.java:980)
	at net.hoyoung.crawler.TestCrawler.process(TestCrawler.java:120)
	at us.codecraft.webmagic.Spider.processRequest(Spider.java:420)
	at us.codecraft.webmagic.Spider$1.run(Spider.java:322)
	at us.codecraft.webmagic.selector.thread.CountableThreadPool$1.run(CountableThreadPool.java:74)
	at java.util.concurrent.ThreadPoolExecutor.runWorker(ThreadPoolExecutor.java:1142)
	at java.util.concurrent.ThreadPoolExecutor$Worker.run(ThreadPoolExecutor.java:617)
	at java.lang.Thread.run(Thread.java:745)
Caused by: java.sql.SQLException: Incorrect string value: '\xF0\x9F\x98\x81\xEF\xBC...' for column 'review_text' at row 1
	at com.mysql.jdbc.SQLError.createSQLException(SQLError.java:1073)
	at com.mysql.jdbc.MysqlIO.checkErrorPacket(MysqlIO.java:3609)
	at com.mysql.jdbc.MysqlIO.checkErrorPacket(MysqlIO.java:3541)
	at com.mysql.jdbc.MysqlIO.sendCommand(MysqlIO.java:2002)
	at com.mysql.jdbc.MysqlIO.sqlQueryDirect(MysqlIO.java:2163)
	at com.mysql.jdbc.ConnectionImpl.execSQL(ConnectionImpl.java:2624)
	at com.mysql.jdbc.PreparedStatement.executeInternal(PreparedStatement.java:2127)
	at com.mysql.jdbc.PreparedStatement.executeUpdate(PreparedStatement.java:2427)
	at com.mysql.jdbc.PreparedStatement.executeUpdate(PreparedStatement.java:2345)
	at com.mysql.jdbc.PreparedStatement.executeUpdate(PreparedStatement.java:2330)
	at org.apache.commons.dbcp.DelegatingPreparedStatement.executeUpdate(DelegatingPreparedStatement.java:105)
	at org.apache.commons.dbcp.DelegatingPreparedStatement.executeUpdate(DelegatingPreparedStatement.java:105)
	at org.springframework.jdbc.core.JdbcTemplate$2.doInPreparedStatement(JdbcTemplate.java:916)
	at org.springframework.jdbc.core.JdbcTemplate$2.doInPreparedStatement(JdbcTemplate.java:909)
	at org.springframework.jdbc.core.JdbcTemplate.execute(JdbcTemplate.java:644)
	... 10 more
2015-10-28 14:56:24  [ pool-1-thread-1:2151 ] - [ ERROR ]  process request Request{url='http://www.amazon.cn/ss/customer-reviews/ajax/reviews/get/ref=cm_cr_pr_btm_link_2?r=1446015381814', method='POST', extras={nameValuePair=[Lorg.apache.http.NameValuePair;@292bf54a, pid=2, asin=B00EC7DOT6, product_name=一个人的朝圣, pageNum=1, statusCode=200}, priority=0} error
org.springframework.jdbc.UncategorizedSQLException: PreparedStatementCallback; uncategorized SQLException for SQL [INSERT INTO comments(pid,product_name,review_votes,helpful_votes,star,review_title,review_date,review_author,review_author_url,thread_id,review_text,create_time) VALUES (?,?,?,?,?,?,?,?,?,?,?,?)]; SQL state [HY000]; error code [1366]; Incorrect string value: '\x80\xE4\xB8\xAA\xE4\xBA...' for column 'product_name' at row 1; nested exception is java.sql.SQLException: Incorrect string value: '\x80\xE4\xB8\xAA\xE4\xBA...' for column 'product_name' at row 1
	at org.springframework.jdbc.support.AbstractFallbackSQLExceptionTranslator.translate(AbstractFallbackSQLExceptionTranslator.java:84)
	at org.springframework.jdbc.support.AbstractFallbackSQLExceptionTranslator.translate(AbstractFallbackSQLExceptionTranslator.java:81)
	at org.springframework.jdbc.support.AbstractFallbackSQLExceptionTranslator.translate(AbstractFallbackSQLExceptionTranslator.java:81)
	at org.springframework.jdbc.core.JdbcTemplate.execute(JdbcTemplate.java:660)
	at org.springframework.jdbc.core.JdbcTemplate.update(JdbcTemplate.java:909)
	at org.springframework.jdbc.core.JdbcTemplate.update(JdbcTemplate.java:970)
	at org.springframework.jdbc.core.JdbcTemplate.update(JdbcTemplate.java:980)
	at net.hoyoung.crawler.TestCrawler.process(TestCrawler.java:120)
	at us.codecraft.webmagic.Spider.processRequest(Spider.java:420)
	at us.codecraft.webmagic.Spider$1.run(Spider.java:322)
	at us.codecraft.webmagic.selector.thread.CountableThreadPool$1.run(CountableThreadPool.java:74)
	at java.util.concurrent.ThreadPoolExecutor.runWorker(ThreadPoolExecutor.java:1142)
	at java.util.concurrent.ThreadPoolExecutor$Worker.run(ThreadPoolExecutor.java:617)
	at java.lang.Thread.run(Thread.java:745)
Caused by: java.sql.SQLException: Incorrect string value: '\x80\xE4\xB8\xAA\xE4\xBA...' for column 'product_name' at row 1
	at com.mysql.jdbc.SQLError.createSQLException(SQLError.java:1073)
	at com.mysql.jdbc.MysqlIO.checkErrorPacket(MysqlIO.java:3609)
	at com.mysql.jdbc.MysqlIO.checkErrorPacket(MysqlIO.java:3541)
	at com.mysql.jdbc.MysqlIO.sendCommand(MysqlIO.java:2002)
	at com.mysql.jdbc.MysqlIO.sqlQueryDirect(MysqlIO.java:2163)
	at com.mysql.jdbc.ConnectionImpl.execSQL(ConnectionImpl.java:2624)
	at com.mysql.jdbc.PreparedStatement.executeInternal(PreparedStatement.java:2127)
	at com.mysql.jdbc.PreparedStatement.executeUpdate(PreparedStatement.java:2427)
	at com.mysql.jdbc.PreparedStatement.executeUpdate(PreparedStatement.java:2345)
	at com.mysql.jdbc.PreparedStatement.executeUpdate(PreparedStatement.java:2330)
	at org.apache.commons.dbcp.DelegatingPreparedStatement.executeUpdate(DelegatingPreparedStatement.java:105)
	at org.apache.commons.dbcp.DelegatingPreparedStatement.executeUpdate(DelegatingPreparedStatement.java:105)
	at org.springframework.jdbc.core.JdbcTemplate$2.doInPreparedStatement(JdbcTemplate.java:916)
	at org.springframework.jdbc.core.JdbcTemplate$2.doInPreparedStatement(JdbcTemplate.java:909)
	at org.springframework.jdbc.core.JdbcTemplate.execute(JdbcTemplate.java:644)
	... 10 more
2015-10-28 14:56:59  [ pool-1-thread-1:2116 ] - [ ERROR ]  process request Request{url='http://www.amazon.cn/ss/customer-reviews/ajax/reviews/get/ref=cm_cr_pr_btm_link_2?r=1446015416804', method='POST', extras={nameValuePair=[Lorg.apache.http.NameValuePair;@292bf54a, pid=2, asin=B00EC7DOT6, product_name=一个人的朝圣, pageNum=1, statusCode=200}, priority=0} error
org.springframework.jdbc.UncategorizedSQLException: PreparedStatementCallback; uncategorized SQLException for SQL [INSERT INTO comments(pid,product_name,review_votes,helpful_votes,star,review_title,review_date,review_author,review_author_url,thread_id,review_text,create_time) VALUES (?,?,?,?,?,?,?,?,?,?,?,?)]; SQL state [HY000]; error code [1366]; Incorrect string value: '\x80\xE4\xB8\xAA\xE4\xBA...' for column 'product_name' at row 1; nested exception is java.sql.SQLException: Incorrect string value: '\x80\xE4\xB8\xAA\xE4\xBA...' for column 'product_name' at row 1
	at org.springframework.jdbc.support.AbstractFallbackSQLExceptionTranslator.translate(AbstractFallbackSQLExceptionTranslator.java:84)
	at org.springframework.jdbc.support.AbstractFallbackSQLExceptionTranslator.translate(AbstractFallbackSQLExceptionTranslator.java:81)
	at org.springframework.jdbc.support.AbstractFallbackSQLExceptionTranslator.translate(AbstractFallbackSQLExceptionTranslator.java:81)
	at org.springframework.jdbc.core.JdbcTemplate.execute(JdbcTemplate.java:660)
	at org.springframework.jdbc.core.JdbcTemplate.update(JdbcTemplate.java:909)
	at org.springframework.jdbc.core.JdbcTemplate.update(JdbcTemplate.java:970)
	at org.springframework.jdbc.core.JdbcTemplate.update(JdbcTemplate.java:980)
	at net.hoyoung.crawler.TestCrawler.process(TestCrawler.java:120)
	at us.codecraft.webmagic.Spider.processRequest(Spider.java:420)
	at us.codecraft.webmagic.Spider$1.run(Spider.java:322)
	at us.codecraft.webmagic.selector.thread.CountableThreadPool$1.run(CountableThreadPool.java:74)
	at java.util.concurrent.ThreadPoolExecutor.runWorker(ThreadPoolExecutor.java:1142)
	at java.util.concurrent.ThreadPoolExecutor$Worker.run(ThreadPoolExecutor.java:617)
	at java.lang.Thread.run(Thread.java:745)
Caused by: java.sql.SQLException: Incorrect string value: '\x80\xE4\xB8\xAA\xE4\xBA...' for column 'product_name' at row 1
	at com.mysql.jdbc.SQLError.createSQLException(SQLError.java:1073)
	at com.mysql.jdbc.MysqlIO.checkErrorPacket(MysqlIO.java:3609)
	at com.mysql.jdbc.MysqlIO.checkErrorPacket(MysqlIO.java:3541)
	at com.mysql.jdbc.MysqlIO.sendCommand(MysqlIO.java:2002)
	at com.mysql.jdbc.MysqlIO.sqlQueryDirect(MysqlIO.java:2163)
	at com.mysql.jdbc.ConnectionImpl.execSQL(ConnectionImpl.java:2624)
	at com.mysql.jdbc.PreparedStatement.executeInternal(PreparedStatement.java:2127)
	at com.mysql.jdbc.PreparedStatement.executeUpdate(PreparedStatement.java:2427)
	at com.mysql.jdbc.PreparedStatement.executeUpdate(PreparedStatement.java:2345)
	at com.mysql.jdbc.PreparedStatement.executeUpdate(PreparedStatement.java:2330)
	at org.apache.commons.dbcp.DelegatingPreparedStatement.executeUpdate(DelegatingPreparedStatement.java:105)
	at org.apache.commons.dbcp.DelegatingPreparedStatement.executeUpdate(DelegatingPreparedStatement.java:105)
	at org.springframework.jdbc.core.JdbcTemplate$2.doInPreparedStatement(JdbcTemplate.java:916)
	at org.springframework.jdbc.core.JdbcTemplate$2.doInPreparedStatement(JdbcTemplate.java:909)
	at org.springframework.jdbc.core.JdbcTemplate.execute(JdbcTemplate.java:644)
	... 10 more
